[
  {
    "line": 2,
    "elements": [
      {
        "line": 4,
        "name": "",
        "description": "",
        "type": "background",
        "keyword": "Background",
        "steps": [
          {
            "result": {
              "duration": 4128545300,
              "status": "passed"
            },
            "line": 5,
            "name": "user should be launch ChromeBrowser and enter the url",
            "match": {
              "location": "StepDefinition.user_should_be_launch_ChromeBrowser_and_enter_the_url()"
            },
            "keyword": "Given "
          }
        ]
      },
      {
        "start_timestamp": "2021-07-02T14:51:44.467Z",
        "line": 7,
        "name": "To validating the facebook applicatio  with invalid username and password",
        "description": "",
        "id": "to-validate-the-function-of-facebook-application;to-validating-the-facebook-applicatio--with-invalid-username-and-password",
        "type": "scenario",
        "keyword": "Scenario",
        "steps": [
          {
            "result": {
              "error_message": "org.openqa.selenium.NoSuchElementException: Cannot locate an element using By.all({By.xpath: //input[@id\u003d\u0027emaDEGIFDil\u0027],By.xpath: //input[@name\u003d\u0027emSIEFGail\u0027]})\nFor documentation on this error, please visit: https://www.seleniumhq.org/exceptions/no_such_element.html\nBuild info: version: \u00273.141.59\u0027, revision: \u0027e82be7d358\u0027, time: \u00272018-11-14T08:17:03\u0027\nSystem info: host: \u0027DESKTOP-E2V5VNP\u0027, ip: \u0027192.168.43.130\u0027, os.name: \u0027Windows 10\u0027, os.arch: \u0027amd64\u0027, os.version: \u002710.0\u0027, java.version: \u002714.0.2\u0027\nDriver info: driver.version: RemoteWebDriver\r\n\tat org.openqa.selenium.support.pagefactory.ByAll.findElement(ByAll.java:58)\r\n\tat org.openqa.selenium.remote.RemoteWebDriver.findElement(RemoteWebDriver.java:315)\r\n\tat org.openqa.selenium.support.pagefactory.DefaultElementLocator.findElement(DefaultElementLocator.java:69)\r\n\tat org.openqa.selenium.support.pagefactory.internal.LocatingElementHandler.invoke(LocatingElementHandler.java:38)\r\n\tat com.sun.proxy.$Proxy20.sendKeys(Unknown Source)\r\n\tat org.base.BaseClass.fill(BaseClass.java:60)\r\n\tat org.steps.StepDefinition.user_is_going_to_enter_username_and_password_field(StepDefinition.java:25)\r\n\tat ✽.user is going to enter username and password field(file:src/test/resources/login.feature:9)\r\n",
              "duration": 97790500,
              "status": "failed"
            },
            "line": 9,
            "name": "user is going to enter username and password field",
            "match": {
              "location": "StepDefinition.user_is_going_to_enter_username_and_password_field()"
            },
            "keyword": "When "
          },
          {
            "result": {
              "duration": 637500,
              "status": "skipped"
            },
            "line": 11,
            "name": "user should be click to login button",
            "match": {
              "location": "StepDefinition.user_should_be_click_to_login_button()"
            },
            "keyword": "And "
          },
          {
            "result": {
              "duration": 608500,
              "status": "skipped"
            },
            "line": 13,
            "name": "user should be navigate to credential page",
            "match": {
              "location": "StepDefinition.user_should_be_navigate_to_credential_page()"
            },
            "keyword": "Then "
          }
        ],
        "tags": [
          {
            "name": "@login"
          }
        ]
      },
      {
        "line": 4,
        "name": "",
        "description": "",
        "type": "background",
        "keyword": "Background",
        "steps": [
          {
            "result": {
              "duration": 3423339200,
              "status": "passed"
            },
            "line": 5,
            "name": "user should be launch ChromeBrowser and enter the url",
            "match": {
              "location": "StepDefinition.user_should_be_launch_ChromeBrowser_and_enter_the_url()"
            },
            "keyword": "Given "
          }
        ]
      },
      {
        "start_timestamp": "2021-07-02T14:51:48.771Z",
        "line": 15,
        "name": "To validating the facebook with invalid username and invalid password",
        "description": "",
        "id": "to-validate-the-function-of-facebook-application;to-validating-the-facebook-with-invalid-username-and-invalid-password",
        "type": "scenario",
        "keyword": "Scenario",
        "steps": [
          {
            "result": {
              "error_message": "org.openqa.selenium.NoSuchElementException: Cannot locate an element using By.all({By.xpath: //input[@id\u003d\u0027emaDEGIFDil\u0027],By.xpath: //input[@name\u003d\u0027emSIEFGail\u0027]})\nFor documentation on this error, please visit: https://www.seleniumhq.org/exceptions/no_such_element.html\nBuild info: version: \u00273.141.59\u0027, revision: \u0027e82be7d358\u0027, time: \u00272018-11-14T08:17:03\u0027\nSystem info: host: \u0027DESKTOP-E2V5VNP\u0027, ip: \u0027192.168.43.130\u0027, os.name: \u0027Windows 10\u0027, os.arch: \u0027amd64\u0027, os.version: \u002710.0\u0027, java.version: \u002714.0.2\u0027\nDriver info: driver.version: RemoteWebDriver\r\n\tat org.openqa.selenium.support.pagefactory.ByAll.findElement(ByAll.java:58)\r\n\tat org.openqa.selenium.remote.RemoteWebDriver.findElement(RemoteWebDriver.java:315)\r\n\tat org.openqa.selenium.support.pagefactory.DefaultElementLocator.findElement(DefaultElementLocator.java:69)\r\n\tat org.openqa.selenium.support.pagefactory.internal.LocatingElementHandler.invoke(LocatingElementHandler.java:38)\r\n\tat com.sun.proxy.$Proxy20.sendKeys(Unknown Source)\r\n\tat org.base.BaseClass.fill(BaseClass.java:60)\r\n\tat org.steps.StepDefinition.user_is_going_to_enter_username_and_password(StepDefinition.java:49)\r\n\tat ✽.user is going to enter username and password(file:src/test/resources/login.feature:17)\r\n",
              "duration": 39756600,
              "status": "failed"
            },
            "line": 17,
            "name": "user is going to enter username and password",
            "match": {
              "location": "StepDefinition.user_is_going_to_enter_username_and_password()"
            },
            "keyword": "When "
          },
          {
            "result": {
              "duration": 756000,
              "status": "skipped"
            },
            "line": 19,
            "name": "user should be click to login btn",
            "match": {
              "location": "StepDefinition.user_should_be_click_to_login_btn()"
            },
            "keyword": "And "
          },
          {
            "result": {
              "duration": 653200,
              "status": "skipped"
            },
            "line": 21,
            "name": "user should be navigate to error page",
            "match": {
              "location": "StepDefinition.user_should_be_navigate_to_error_page()"
            },
            "keyword": "Then "
          }
        ],
        "tags": [
          {
            "name": "@login"
          }
        ]
      }
    ],
    "name": "To validate the function of facebook application",
    "description": "",
    "id": "to-validate-the-function-of-facebook-application",
    "keyword": "Feature",
    "uri": "file:src/test/resources/login.feature",
    "tags": [
      {
        "name": "@login",
        "type": "Tag",
        "location": {
          "line": 1,
          "column": 1
        }
      }
    ]
  }
]